0 silly argv {
0 silly argv   _: [ 'run' ],
0 silly argv   stream: true,
0 silly argv   lernaVersion: '3.22.1',
0 silly argv   '$0': 'node_modules/.bin/lerna',
0 silly argv   script: 'dev'
0 silly argv }
1 notice cli v3.22.1
2 verbose rootPath /home/kaeyros/Documents/eze-traduction/eze/communities
3 info Executing command in 2 packages: "yarn run dev"
4 silly npmRunScript.stream [ 'dev', [], 'api' ]
5 silly getExecOpts /home/kaeyros/Documents/eze-traduction/eze/communities/packages/api undefined
6 silly npmRunScript.stream [ 'dev', [], 'frontend' ]
7 silly getExecOpts /home/kaeyros/Documents/eze-traduction/eze/communities/packages/frontend undefined
8 error MaxBufferError: stderr maxBuffer exceeded
8 error     at PassThrough.<anonymous> (/home/kaeyros/Documents/eze-traduction/eze/communities/node_modules/get-stream/index.js:41:19)
8 error     at PassThrough.emit (node:events:530:35)
8 error     at addChunk (node:internal/streams/readable:559:12)
8 error     at readableAddChunkPushByteMode (node:internal/streams/readable:510:3)
8 error     at Readable.push (node:internal/streams/readable:390:5)
8 error     at node:internal/streams/transform:178:12
8 error     at PassThrough._transform (node:internal/streams/passthrough:46:3)
8 error     at Transform._write (node:internal/streams/transform:171:8)
8 error     at writeOrBuffer (node:internal/streams/writable:564:12)
